<?xml version="1.0" encoding="UTF-8"?>
<!-- Generated by org.testng.reporters.JUnitXMLReporter -->
<testsuite ignored="0" hostname="AmitSen-PC" failures="0" tests="1" name="Default test(failed)" time="0.056" errors="0" timestamp="2021-12-21T13:09:32 IST">
  <testcase classname="testngTest.captureScreenShot" name="@BeforeClass beforeClass" time="0.008">
    <failure type="java.lang.NullPointerException" message="Cannot invoke &amp;quot;org.openqa.selenium.WebDriver.get(String)&amp;quot; because &amp;quot;this.driver&amp;quot; is null">
      <![CDATA[java.lang.NullPointerException: Cannot invoke "org.openqa.selenium.WebDriver.get(String)" because "this.driver" is null
at testngTest.captureScreenShot.beforeClass(captureScreenShot.java:45)
at java.base/java.util.ArrayList.forEach(ArrayList.java:1511)
... Removed 25 stack frames]]>
    </failure>
  </testcase> <!-- @BeforeClass beforeClass -->
  <testcase classname="testngTest.captureScreenShot" name="@AfterClass afterClass" time="-1.640072372526E9">
    <skipped/>
  </testcase> <!-- @AfterClass afterClass -->
  <testcase classname="testngTest.captureScreenShot" name="failed_test_capture" time="0.0">
    <skipped/>
  </testcase> <!-- failed_test_capture -->
</testsuite> <!-- Default test(failed) -->
